ptmin Now =  3      ptmax Now =   5
pass  -1 

  ====================================================
 |                Cut Opt Configuration               |
  ----------------------------------------------------
 | Method     | BDT::BDT                              |
pass  0 
  ----------------------------------------------------
 | Variable0  | Btrk1Pt                               |
  ----------------------------------------------------
 | Variable1  | abs(Btrk1Dz1/Btrk1DzError1)           |
  ----------------------------------------------------
 | Variable2  | abs(Btrk1Dxy1/Btrk1DxyError1)         |
  ----------------------------------------------------
 | Variable3  | BsvpvDistance/BsvpvDisErr             |
  ----------------------------------------------------
 | Variable4  | Balpha                                |
  ----------------------------------------------------
 | Variable5  | Bchi2cl                               |
  ====================================================

PASS = 0.04
PASS = 0.05
PASS = 0.06
PASS = 0.07
PASS = 0.08
PASS = 0.1866763547
PASS =  0.2866763547
PASS =  0.3866763547
pass  1 
pass  1.1 
Pass 1.2
ptmin Now =  5      ptmax Now =   7
pass  -1 

  ====================================================
 |                Cut Opt Configuration               |
  ----------------------------------------------------
 | Method     | BDT::BDT                              |
pass  0 
  ----------------------------------------------------
 | Variable0  | Btrk1Pt                               |
  ----------------------------------------------------
 | Variable1  | abs(Btrk1Dz1/Btrk1DzError1)           |
  ----------------------------------------------------
 | Variable2  | abs(Btrk1Dxy1/Btrk1DxyError1)         |
  ----------------------------------------------------
 | Variable3  | BsvpvDistance/BsvpvDisErr             |
  ----------------------------------------------------
 | Variable4  | Balpha                                |
  ----------------------------------------------------
 | Variable5  | Bchi2cl                               |
  ====================================================

PASS = 0.04
PASS = 0.05
PASS = 0.06
PASS = 0.07
PASS = 0.08
PASS = 0.1866763547
PASS =  0.2866763547
PASS =  0.3866763547
pass  1 
pass  1.1 
Pass 1.2
